{"C:\\Users\\sabar\\Downloads\\Abhishek\\frontend\\src\\App.tsx": {"path":"C:\\Users\\sabar\\Downloads\\Abhishek\\frontend\\src\\App.tsx","statementMap":{"0":{"start":{"line":1,"column":0},"end":{"line":1,"column":26}},"1":{"start":{"line":2,"column":0},"end":{"line":2,"column":49}},"2":{"start":{"line":3,"column":0},"end":{"line":3,"column":36}},"3":{"start":{"line":4,"column":0},"end":{"line":4,"column":null}},"4":{"start":{"line":10,"column":0},"end":{"line":10,"column":60}},"5":{"start":{"line":11,"column":0},"end":{"line":11,"column":46}},"6":{"start":{"line":12,"column":0},"end":{"line":12,"column":46}},"7":{"start":{"line":13,"column":0},"end":{"line":13,"column":36}},"8":{"start":{"line":15,"column":35},"end":{"line":15,"column":41}},"9":{"start":{"line":17,"column":22},"end":{"line":72,"column":1}},"10":{"start":{"line":18,"column":19},"end":{"line":18,"column":32}},"11":{"start":{"line":19,"column":19},"end":{"line":19,"column":32}},"12":{"start":{"line":21,"column":20},"end":{"line":37,"column":4}},"13":{"start":{"line":39,"column":26},"end":{"line":41,"column":3}},"14":{"start":{"line":40,"column":4},"end":{"line":40,"column":18}},"15":{"start":{"line":43,"column":2},"end":{"line":71,"column":4}},"16":{"start":{"line":74,"column":0},"end":{"line":74,"column":19}}},"fnMap":{"0":{"name":"(anonymous_0)","decl":{"start":{"line":17,"column":22},"end":{"line":17,"column":25}},"loc":{"start":{"line":17,"column":27},"end":{"line":72,"column":1}}},"1":{"name":"(anonymous_1)","decl":{"start":{"line":39,"column":26},"end":{"line":39,"column":27}},"loc":{"start":{"line":39,"column":55},"end":{"line":41,"column":3}}}},"branchMap":{},"s":{"0":0,"1":0,"2":0,"3":0,"4":0,"5":0,"6":0,"7":0,"8":0,"9":0,"10":0,"11":0,"12":0,"13":0,"14":0,"15":0,"16":0},"f":{"0":0,"1":0},"b":{}}
,"C:\\Users\\sabar\\Downloads\\Abhishek\\frontend\\src\\pages\\ProductList.tsx": {"path":"C:\\Users\\sabar\\Downloads\\Abhishek\\frontend\\src\\pages\\ProductList.tsx","statementMap":{"0":{"start":{"line":1,"column":0},"end":{"line":1,"column":51}},"1":{"start":{"line":2,"column":0},"end":{"line":2,"column":121}},"2":{"start":{"line":3,"column":0},"end":{"line":3,"column":95}},"3":{"start":{"line":4,"column":0},"end":{"line":4,"column":44}},"4":{"start":{"line":6,"column":0},"end":{"line":6,"column":46}},"5":{"start":{"line":7,"column":0},"end":{"line":7,"column":54}},"6":{"start":{"line":8,"column":0},"end":{"line":8,"column":54}},"7":{"start":{"line":10,"column":19},"end":{"line":10,"column":25}},"8":{"start":{"line":12,"column":30},"end":{"line":256,"column":1}},"9":{"start":{"line":13,"column":34},"end":{"line":13,"column":57}},"10":{"start":{"line":14,"column":32},"end":{"line":14,"column":47}},"11":{"start":{"line":15,"column":42},"end":{"line":15,"column":57}},"12":{"start":{"line":16,"column":46},"end":{"line":16,"column":76}},"13":{"start":{"line":17,"column":38},"end":{"line":17,"column":67}},"14":{"start":{"line":18,"column":17},"end":{"line":18,"column":31}},"15":{"start":{"line":19,"column":32},"end":{"line":19,"column":62}},"16":{"start":{"line":21,"column":24},"end":{"line":31,"column":3}},"17":{"start":{"line":22,"column":4},"end":{"line":22,"column":21}},"18":{"start":{"line":23,"column":4},"end":{"line":30,"column":5}},"19":{"start":{"line":24,"column":23},"end":{"line":24,"column":48}},"20":{"start":{"line":25,"column":6},"end":{"line":25,"column":33}},"21":{"start":{"line":27,"column":6},"end":{"line":27,"column":48}},"22":{"start":{"line":29,"column":6},"end":{"line":29,"column":24}},"23":{"start":{"line":33,"column":2},"end":{"line":35,"column":9}},"24":{"start":{"line":34,"column":4},"end":{"line":34,"column":20}},"25":{"start":{"line":37,"column":23},"end":{"line":48,"column":3}},"26":{"start":{"line":38,"column":4},"end":{"line":47,"column":5}},"27":{"start":{"line":39,"column":6},"end":{"line":39,"column":38}},"28":{"start":{"line":40,"column":6},"end":{"line":40,"column":54}},"29":{"start":{"line":41,"column":6},"end":{"line":41,"column":29}},"30":{"start":{"line":42,"column":6},"end":{"line":42,"column":25}},"31":{"start":{"line":43,"column":6},"end":{"line":43,"column":22}},"32":{"start":{"line":45,"column":23},"end":{"line":45,"column":81}},"33":{"start":{"line":46,"column":6},"end":{"line":46,"column":30}},"34":{"start":{"line":50,"column":23},"end":{"line":63,"column":3}},"35":{"start":{"line":51,"column":4},"end":{"line":51,"column":32}},"36":{"start":{"line":51,"column":25},"end":{"line":51,"column":32}},"37":{"start":{"line":52,"column":4},"end":{"line":62,"column":5}},"38":{"start":{"line":53,"column":6},"end":{"line":53,"column":57}},"39":{"start":{"line":54,"column":6},"end":{"line":54,"column":54}},"40":{"start":{"line":55,"column":6},"end":{"line":55,"column":29}},"41":{"start":{"line":56,"column":6},"end":{"line":56,"column":30}},"42":{"start":{"line":57,"column":6},"end":{"line":57,"column":25}},"43":{"start":{"line":58,"column":6},"end":{"line":58,"column":22}},"44":{"start":{"line":60,"column":23},"end":{"line":60,"column":81}},"45":{"start":{"line":61,"column":6},"end":{"line":61,"column":30}},"46":{"start":{"line":65,"column":23},"end":{"line":73,"column":3}},"47":{"start":{"line":66,"column":4},"end":{"line":72,"column":5}},"48":{"start":{"line":67,"column":6},"end":{"line":67,"column":34}},"49":{"start":{"line":68,"column":6},"end":{"line":68,"column":54}},"50":{"start":{"line":69,"column":6},"end":{"line":69,"column":22}},"51":{"start":{"line":71,"column":6},"end":{"line":71,"column":48}},"52":{"start":{"line":75,"column":24},"end":{"line":80,"column":3}},"53":{"start":{"line":76,"column":4},"end":{"line":76,"column":24}},"54":{"start":{"line":77,"column":4},"end":{"line":77,"column":31}},"55":{"start":{"line":78,"column":4},"end":{"line":78,"column":33}},"56":{"start":{"line":79,"column":4},"end":{"line":79,"column":26}},"57":{"start":{"line":82,"column":26},"end":{"line":87,"column":3}},"58":{"start":{"line":83,"column":4},"end":{"line":83,"column":24}},"59":{"start":{"line":84,"column":4},"end":{"line":84,"column":28}},"60":{"start":{"line":85,"column":4},"end":{"line":85,"column":23}},"61":{"start":{"line":86,"column":4},"end":{"line":86,"column":26}},"62":{"start":{"line":89,"column":31},"end":{"line":126,"column":4}},"63":{"start":{"line":93,"column":98},"end":{"line":93,"column":116}},"64":{"start":{"line":98,"column":39},"end":{"line":98,"column":82}},"65":{"start":{"line":104,"column":39},"end":{"line":104,"column":82}},"66":{"start":{"line":106,"column":95},"end":{"line":106,"column":138}},"67":{"start":{"line":111,"column":8},"end":{"line":122,"column":null}},"68":{"start":{"line":115,"column":27},"end":{"line":115,"column":53}},"69":{"start":{"line":121,"column":27},"end":{"line":121,"column":55}},"70":{"start":{"line":128,"column":22},"end":{"line":130,"column":3}},"71":{"start":{"line":129,"column":4},"end":{"line":129,"column":27}},"72":{"start":{"line":132,"column":21},"end":{"line":132,"column":100}},"73":{"start":{"line":132,"column":72},"end":{"line":132,"column":96}},"74":{"start":{"line":134,"column":2},"end":{"line":255,"column":4}},"75":{"start":{"line":183,"column":24},"end":{"line":183,"column":46}},"76":{"start":{"line":247,"column":37},"end":{"line":247,"column":59}},"77":{"start":{"line":258,"column":0},"end":{"line":258,"column":27}}},"fnMap":{"0":{"name":"(anonymous_0)","decl":{"start":{"line":12,"column":30},"end":{"line":12,"column":33}},"loc":{"start":{"line":12,"column":35},"end":{"line":256,"column":1}}},"1":{"name":"(anonymous_1)","decl":{"start":{"line":21,"column":24},"end":{"line":21,"column":29}},"loc":{"start":{"line":21,"column":35},"end":{"line":31,"column":3}}},"2":{"name":"(anonymous_2)","decl":{"start":{"line":33,"column":12},"end":{"line":33,"column":15}},"loc":{"start":{"line":33,"column":17},"end":{"line":35,"column":3}}},"3":{"name":"(anonymous_3)","decl":{"start":{"line":37,"column":23},"end":{"line":37,"column":28}},"loc":{"start":{"line":37,"column":45},"end":{"line":48,"column":3}}},"4":{"name":"(anonymous_4)","decl":{"start":{"line":50,"column":23},"end":{"line":50,"column":28}},"loc":{"start":{"line":50,"column":45},"end":{"line":63,"column":3}}},"5":{"name":"(anonymous_5)","decl":{"start":{"line":65,"column":23},"end":{"line":65,"column":28}},"loc":{"start":{"line":65,"column":44},"end":{"line":73,"column":3}}},"6":{"name":"(anonymous_6)","decl":{"start":{"line":75,"column":24},"end":{"line":75,"column":25}},"loc":{"start":{"line":75,"column":45},"end":{"line":80,"column":3}}},"7":{"name":"(anonymous_7)","decl":{"start":{"line":82,"column":26},"end":{"line":82,"column":29}},"loc":{"start":{"line":82,"column":31},"end":{"line":87,"column":3}}},"8":{"name":"(anonymous_8)","decl":{"start":{"line":93,"column":81},"end":{"line":93,"column":82}},"loc":{"start":{"line":93,"column":98},"end":{"line":93,"column":116}}},"9":{"name":"(anonymous_9)","decl":{"start":{"line":98,"column":22},"end":{"line":98,"column":23}},"loc":{"start":{"line":98,"column":39},"end":{"line":98,"column":82}}},"10":{"name":"(anonymous_10)","decl":{"start":{"line":104,"column":22},"end":{"line":104,"column":23}},"loc":{"start":{"line":104,"column":39},"end":{"line":104,"column":82}}},"11":{"name":"(anonymous_11)","decl":{"start":{"line":106,"column":78},"end":{"line":106,"column":79}},"loc":{"start":{"line":106,"column":95},"end":{"line":106,"column":138}}},"12":{"name":"(anonymous_12)","decl":{"start":{"line":110,"column":20},"end":{"line":110,"column":21}},"loc":{"start":{"line":111,"column":8},"end":{"line":122,"column":null}}},"13":{"name":"(anonymous_13)","decl":{"start":{"line":115,"column":21},"end":{"line":115,"column":24}},"loc":{"start":{"line":115,"column":27},"end":{"line":115,"column":53}}},"14":{"name":"(anonymous_14)","decl":{"start":{"line":121,"column":21},"end":{"line":121,"column":24}},"loc":{"start":{"line":121,"column":27},"end":{"line":121,"column":55}}},"15":{"name":"(anonymous_15)","decl":{"start":{"line":128,"column":22},"end":{"line":128,"column":23}},"loc":{"start":{"line":128,"column":49},"end":{"line":130,"column":3}}},"16":{"name":"(anonymous_16)","decl":{"start":{"line":132,"column":37},"end":{"line":132,"column":38}},"loc":{"start":{"line":132,"column":72},"end":{"line":132,"column":96}}},"17":{"name":"(anonymous_17)","decl":{"start":{"line":183,"column":18},"end":{"line":183,"column":21}},"loc":{"start":{"line":183,"column":24},"end":{"line":183,"column":46}}},"18":{"name":"(anonymous_18)","decl":{"start":{"line":247,"column":31},"end":{"line":247,"column":34}},"loc":{"start":{"line":247,"column":37},"end":{"line":247,"column":59}}}},"branchMap":{"0":{"loc":{"start":{"line":45,"column":23},"end":{"line":45,"column":81}},"type":"binary-expr","locations":[{"start":{"line":45,"column":23},"end":{"line":45,"column":51}},{"start":{"line":45,"column":55},"end":{"line":45,"column":81}}]},"1":{"loc":{"start":{"line":51,"column":4},"end":{"line":51,"column":32}},"type":"if","locations":[{"start":{"line":51,"column":4},"end":{"line":51,"column":32}}]},"2":{"loc":{"start":{"line":60,"column":23},"end":{"line":60,"column":81}},"type":"binary-expr","locations":[{"start":{"line":60,"column":23},"end":{"line":60,"column":51}},{"start":{"line":60,"column":55},"end":{"line":60,"column":81}}]},"3":{"loc":{"start":{"line":98,"column":39},"end":{"line":98,"column":82}},"type":"cond-expr","locations":[{"start":{"line":98,"column":54},"end":{"line":98,"column":77}},{"start":{"line":98,"column":80},"end":{"line":98,"column":82}}]},"4":{"loc":{"start":{"line":104,"column":39},"end":{"line":104,"column":82}},"type":"cond-expr","locations":[{"start":{"line":104,"column":54},"end":{"line":104,"column":77}},{"start":{"line":104,"column":80},"end":{"line":104,"column":82}}]},"5":{"loc":{"start":{"line":181,"column":15},"end":{"line":181,"column":62}},"type":"cond-expr","locations":[{"start":{"line":181,"column":32},"end":{"line":181,"column":46}},{"start":{"line":181,"column":49},"end":{"line":181,"column":62}}]},"6":{"loc":{"start":{"line":190,"column":20},"end":{"line":190,"column":64}},"type":"cond-expr","locations":[{"start":{"line":190,"column":37},"end":{"line":190,"column":49}},{"start":{"line":190,"column":52},"end":{"line":190,"column":64}}]},"7":{"loc":{"start":{"line":192,"column":11},"end":{"line":193,"column":null}},"type":"binary-expr","locations":[{"start":{"line":192,"column":11},"end":{"line":192,"column":21}},{"start":{"line":193,"column":12},"end":{"line":193,"column":93}}]},"8":{"loc":{"start":{"line":245,"column":17},"end":{"line":245,"column":53}},"type":"cond-expr","locations":[{"start":{"line":245,"column":34},"end":{"line":245,"column":42}},{"start":{"line":245,"column":45},"end":{"line":245,"column":53}}]}},"s":{"0":1,"1":1,"2":1,"3":1,"4":1,"5":1,"6":1,"7":1,"8":1,"9":34,"10":33,"11":33,"12":33,"13":33,"14":33,"15":33,"16":33,"17":10,"18":10,"19":10,"20":9,"21":1,"22":10,"23":33,"24":9,"25":33,"26":2,"27":2,"28":1,"29":1,"30":1,"31":1,"32":1,"33":1,"34":33,"35":0,"36":0,"37":0,"38":0,"39":0,"40":0,"41":0,"42":0,"43":0,"44":0,"45":0,"46":33,"47":0,"48":0,"49":0,"50":0,"51":0,"52":33,"53":0,"54":0,"55":0,"56":0,"57":33,"58":5,"59":5,"60":5,"61":5,"62":33,"63":0,"64":0,"65":0,"66":0,"67":0,"68":0,"69":0,"70":33,"71":0,"72":33,"73":26,"74":33,"75":0,"76":0,"77":1},"f":{"0":34,"1":10,"2":9,"3":2,"4":0,"5":0,"6":0,"7":5,"8":0,"9":0,"10":0,"11":0,"12":0,"13":0,"14":0,"15":0,"16":26,"17":0,"18":0},"b":{"0":[1,0],"1":[0],"2":[0,0],"3":[0,0],"4":[0,0],"5":[0,33],"6":[0,33],"7":[33,1],"8":[0,33]}}
,"C:\\Users\\sabar\\Downloads\\Abhishek\\frontend\\src\\pages\\ProductView.tsx": {"path":"C:\\Users\\sabar\\Downloads\\Abhishek\\frontend\\src\\pages\\ProductView.tsx","statementMap":{"0":{"start":{"line":1,"column":0},"end":{"line":1,"column":51}},"1":{"start":{"line":2,"column":0},"end":{"line":2,"column":64}},"2":{"start":{"line":3,"column":0},"end":{"line":3,"column":44}},"3":{"start":{"line":5,"column":0},"end":{"line":5,"column":46}},"4":{"start":{"line":6,"column":0},"end":{"line":6,"column":54}},"5":{"start":{"line":7,"column":0},"end":{"line":7,"column":56}},"6":{"start":{"line":8,"column":0},"end":{"line":8,"column":54}},"7":{"start":{"line":10,"column":30},"end":{"line":144,"column":1}},"8":{"start":{"line":11,"column":34},"end":{"line":11,"column":57}},"9":{"start":{"line":12,"column":52},"end":{"line":12,"column":81}},"10":{"start":{"line":13,"column":48},"end":{"line":13,"column":78}},"11":{"start":{"line":14,"column":40},"end":{"line":14,"column":74}},"12":{"start":{"line":15,"column":32},"end":{"line":15,"column":47}},"13":{"start":{"line":16,"column":28},"end":{"line":16,"column":57}},"14":{"start":{"line":17,"column":38},"end":{"line":17,"column":60}},"15":{"start":{"line":18,"column":32},"end":{"line":18,"column":51}},"16":{"start":{"line":21,"column":2},"end":{"line":31,"column":9}},"17":{"start":{"line":22,"column":26},"end":{"line":29,"column":5}},"18":{"start":{"line":23,"column":6},"end":{"line":28,"column":7}},"19":{"start":{"line":24,"column":25},"end":{"line":24,"column":50}},"20":{"start":{"line":25,"column":8},"end":{"line":25,"column":35}},"21":{"start":{"line":27,"column":8},"end":{"line":27,"column":58}},"22":{"start":{"line":30,"column":4},"end":{"line":30,"column":20}},"23":{"start":{"line":33,"column":27},"end":{"line":85,"column":3}},"24":{"start":{"line":34,"column":4},"end":{"line":36,"column":5}},"25":{"start":{"line":35,"column":6},"end":{"line":35,"column":13}},"26":{"start":{"line":38,"column":4},"end":{"line":38,"column":21}},"27":{"start":{"line":39,"column":4},"end":{"line":39,"column":19}},"28":{"start":{"line":40,"column":4},"end":{"line":40,"column":25}},"29":{"start":{"line":42,"column":4},"end":{"line":84,"column":5}},"30":{"start":{"line":43,"column":23},"end":{"line":43,"column":60}},"31":{"start":{"line":44,"column":6},"end":{"line":44,"column":36}},"32":{"start":{"line":47,"column":22},"end":{"line":47,"column":68}},"33":{"start":{"line":47,"column":41},"end":{"line":47,"column":67}},"34":{"start":{"line":48,"column":6},"end":{"line":48,"column":42}},"35":{"start":{"line":50,"column":6},"end":{"line":78,"column":7}},"36":{"start":{"line":52,"column":40},"end":{"line":54,"column":10}},"37":{"start":{"line":57,"column":8},"end":{"line":64,"column":11}},"38":{"start":{"line":58,"column":10},"end":{"line":63,"column":13}},"39":{"start":{"line":66,"column":8},"end":{"line":66,"column":37}},"40":{"start":{"line":69,"column":27},"end":{"line":75,"column":10}},"41":{"start":{"line":70,"column":27},"end":{"line":70,"column":36}},"42":{"start":{"line":71,"column":10},"end":{"line":73,"column":13}},"43":{"start":{"line":72,"column":12},"end":{"line":72,"column":58}},"44":{"start":{"line":74,"column":10},"end":{"line":74,"column":21}},"45":{"start":{"line":77,"column":8},"end":{"line":77,"column":31}},"46":{"start":{"line":80,"column":6},"end":{"line":80,"column":48}},"47":{"start":{"line":81,"column":6},"end":{"line":81,"column":49}},"48":{"start":{"line":83,"column":6},"end":{"line":83,"column":24}},"49":{"start":{"line":87,"column":22},"end":{"line":89,"column":3}},"50":{"start":{"line":88,"column":4},"end":{"line":88,"column":34}},"51":{"start":{"line":91,"column":2},"end":{"line":143,"column":4}},"52":{"start":{"line":100,"column":33},"end":{"line":100,"column":60}},"53":{"start":{"line":101,"column":40},"end":{"line":101,"column":86}},"54":{"start":{"line":103,"column":14},"end":{"line":103,"column":83}},"55":{"start":{"line":122,"column":27},"end":{"line":122,"column":41}},"56":{"start":{"line":146,"column":0},"end":{"line":146,"column":27}}},"fnMap":{"0":{"name":"(anonymous_0)","decl":{"start":{"line":10,"column":30},"end":{"line":10,"column":33}},"loc":{"start":{"line":10,"column":35},"end":{"line":144,"column":1}}},"1":{"name":"(anonymous_1)","decl":{"start":{"line":21,"column":12},"end":{"line":21,"column":15}},"loc":{"start":{"line":21,"column":17},"end":{"line":31,"column":3}}},"2":{"name":"(anonymous_2)","decl":{"start":{"line":22,"column":26},"end":{"line":22,"column":31}},"loc":{"start":{"line":22,"column":37},"end":{"line":29,"column":5}}},"3":{"name":"(anonymous_3)","decl":{"start":{"line":33,"column":27},"end":{"line":33,"column":32}},"loc":{"start":{"line":33,"column":38},"end":{"line":85,"column":3}}},"4":{"name":"(anonymous_4)","decl":{"start":{"line":47,"column":36},"end":{"line":47,"column":37}},"loc":{"start":{"line":47,"column":41},"end":{"line":47,"column":67}}},"5":{"name":"(anonymous_5)","decl":{"start":{"line":57,"column":30},"end":{"line":57,"column":34}},"loc":{"start":{"line":57,"column":37},"end":{"line":64,"column":9}}},"6":{"name":"(anonymous_6)","decl":{"start":{"line":69,"column":46},"end":{"line":69,"column":51}},"loc":{"start":{"line":69,"column":54},"end":{"line":75,"column":9}}},"7":{"name":"(anonymous_7)","decl":{"start":{"line":71,"column":32},"end":{"line":71,"column":36}},"loc":{"start":{"line":71,"column":39},"end":{"line":73,"column":11}}},"8":{"name":"(anonymous_8)","decl":{"start":{"line":87,"column":22},"end":{"line":87,"column":23}},"loc":{"start":{"line":87,"column":49},"end":{"line":89,"column":3}}},"9":{"name":"(anonymous_9)","decl":{"start":{"line":100,"column":22},"end":{"line":100,"column":23}},"loc":{"start":{"line":100,"column":33},"end":{"line":100,"column":60}}},"10":{"name":"(anonymous_10)","decl":{"start":{"line":101,"column":34},"end":{"line":101,"column":35}},"loc":{"start":{"line":101,"column":40},"end":{"line":101,"column":86}}},"11":{"name":"(anonymous_11)","decl":{"start":{"line":102,"column":26},"end":{"line":102,"column":27}},"loc":{"start":{"line":103,"column":14},"end":{"line":103,"column":83}}},"12":{"name":"(anonymous_12)","decl":{"start":{"line":122,"column":21},"end":{"line":122,"column":24}},"loc":{"start":{"line":122,"column":27},"end":{"line":122,"column":41}}}},"branchMap":{"0":{"loc":{"start":{"line":34,"column":4},"end":{"line":36,"column":5}},"type":"if","locations":[{"start":{"line":34,"column":4},"end":{"line":36,"column":5}}]},"1":{"loc":{"start":{"line":48,"column":25},"end":{"line":48,"column":40}},"type":"binary-expr","locations":[{"start":{"line":48,"column":25},"end":{"line":48,"column":32}},{"start":{"line":48,"column":36},"end":{"line":48,"column":40}}]},"2":{"loc":{"start":{"line":50,"column":6},"end":{"line":78,"column":7}},"type":"if","locations":[{"start":{"line":50,"column":6},"end":{"line":78,"column":7}}]},"3":{"loc":{"start":{"line":72,"column":24},"end":{"line":72,"column":57}},"type":"binary-expr","locations":[{"start":{"line":72,"column":24},"end":{"line":72,"column":52}},{"start":{"line":72,"column":56},"end":{"line":72,"column":57}}]},"4":{"loc":{"start":{"line":109,"column":22},"end":{"line":109,"column":51}},"type":"binary-expr","locations":[{"start":{"line":109,"column":22},"end":{"line":109,"column":40}},{"start":{"line":109,"column":44},"end":{"line":109,"column":51}}]},"5":{"loc":{"start":{"line":115,"column":9},"end":{"line":123,"column":null}},"type":"binary-expr","locations":[{"start":{"line":115,"column":9},"end":{"line":115,"column":14}},{"start":{"line":116,"column":10},"end":{"line":122,"column":null}}]},"6":{"loc":{"start":{"line":127,"column":11},"end":{"line":138,"column":null}},"type":"binary-expr","locations":[{"start":{"line":127,"column":11},"end":{"line":127,"column":22}},{"start":{"line":127,"column":26},"end":{"line":127,"column":41}},{"start":{"line":128,"column":12},"end":{"line":137,"column":null}}]}},"s":{"0":1,"1":1,"2":1,"3":1,"4":1,"5":1,"6":1,"7":1,"8":20,"9":20,"10":20,"11":20,"12":20,"13":20,"14":20,"15":20,"16":20,"17":6,"18":6,"19":6,"20":6,"21":0,"22":6,"23":20,"24":3,"25":0,"26":3,"27":3,"28":3,"29":3,"30":3,"31":1,"32":1,"33":1,"34":1,"35":1,"36":1,"37":1,"38":2,"39":1,"40":1,"41":2,"42":2,"43":4,"44":2,"45":1,"46":1,"47":1,"48":2,"49":20,"50":0,"51":20,"52":4,"53":14,"54":0,"55":0,"56":1},"f":{"0":20,"1":6,"2":6,"3":3,"4":1,"5":2,"6":2,"7":4,"8":0,"9":4,"10":14,"11":0,"12":0},"b":{"0":[0],"1":[1,0],"2":[1],"3":[4,0],"4":[20,9],"5":[20,1],"6":[20,1,1]}}
,"C:\\Users\\sabar\\Downloads\\Abhishek\\frontend\\src\\pages\\Upload.tsx": {"path":"C:\\Users\\sabar\\Downloads\\Abhishek\\frontend\\src\\pages\\Upload.tsx","statementMap":{"0":{"start":{"line":1,"column":0},"end":{"line":1,"column":51}},"1":{"start":{"line":2,"column":0},"end":{"line":2,"column":87}},"2":{"start":{"line":3,"column":0},"end":{"line":3,"column":34}},"3":{"start":{"line":6,"column":21},"end":{"line":6,"column":26}},"4":{"start":{"line":8,"column":25},"end":{"line":131,"column":1}},"5":{"start":{"line":9,"column":36},"end":{"line":9,"column":54}},"6":{"start":{"line":10,"column":32},"end":{"line":10,"column":44}},"7":{"start":{"line":11,"column":32},"end":{"line":11,"column":47}},"8":{"start":{"line":12,"column":46},"end":{"line":12,"column":61}},"9":{"start":{"line":13,"column":34},"end":{"line":13,"column":57}},"10":{"start":{"line":14,"column":52},"end":{"line":14,"column":81}},"11":{"start":{"line":16,"column":2},"end":{"line":20,"column":9}},"12":{"start":{"line":17,"column":4},"end":{"line":19,"column":7}},"13":{"start":{"line":17,"column":60},"end":{"line":17,"column":81}},"14":{"start":{"line":18,"column":6},"end":{"line":18,"column":62}},"15":{"start":{"line":22,"column":20},"end":{"line":22,"column":70}},"16":{"start":{"line":24,"column":23},"end":{"line":42,"column":3}},"17":{"start":{"line":25,"column":4},"end":{"line":25,"column":27}},"18":{"start":{"line":25,"column":20},"end":{"line":25,"column":27}},"19":{"start":{"line":26,"column":4},"end":{"line":26,"column":21}},"20":{"start":{"line":27,"column":4},"end":{"line":41,"column":5}},"21":{"start":{"line":28,"column":18},"end":{"line":28,"column":106}},"22":{"start":{"line":29,"column":41},"end":{"line":29,"column":49}},"23":{"start":{"line":30,"column":6},"end":{"line":34,"column":7}},"24":{"start":{"line":31,"column":8},"end":{"line":31,"column":41}},"25":{"start":{"line":33,"column":8},"end":{"line":33,"column":60}},"26":{"start":{"line":35,"column":6},"end":{"line":35,"column":21}},"27":{"start":{"line":37,"column":21},"end":{"line":37,"column":103}},"28":{"start":{"line":38,"column":6},"end":{"line":38,"column":48}},"29":{"start":{"line":40,"column":6},"end":{"line":40,"column":24}},"30":{"start":{"line":44,"column":24},"end":{"line":46,"column":3}},"31":{"start":{"line":45,"column":4},"end":{"line":45,"column":116}},"32":{"start":{"line":48,"column":2},"end":{"line":130,"column":4}},"33":{"start":{"line":63,"column":38},"end":{"line":63,"column":84}},"34":{"start":{"line":67,"column":12},"end":{"line":67,"column":81}},"35":{"start":{"line":71,"column":45},"end":{"line":71,"column":72}},"36":{"start":{"line":74,"column":45},"end":{"line":74,"column":67}},"37":{"start":{"line":81,"column":25},"end":{"line":81,"column":51}},"38":{"start":{"line":88,"column":25},"end":{"line":88,"column":47}},"39":{"start":{"line":96,"column":25},"end":{"line":96,"column":46}},"40":{"start":{"line":104,"column":24},"end":{"line":104,"column":47}},"41":{"start":{"line":133,"column":0},"end":{"line":133,"column":22}}},"fnMap":{"0":{"name":"(anonymous_0)","decl":{"start":{"line":8,"column":25},"end":{"line":8,"column":28}},"loc":{"start":{"line":8,"column":30},"end":{"line":131,"column":1}}},"1":{"name":"(anonymous_1)","decl":{"start":{"line":16,"column":12},"end":{"line":16,"column":15}},"loc":{"start":{"line":16,"column":17},"end":{"line":20,"column":3}}},"2":{"name":"(anonymous_2)","decl":{"start":{"line":17,"column":30},"end":{"line":17,"column":31}},"loc":{"start":{"line":17,"column":60},"end":{"line":17,"column":81}}},"3":{"name":"(anonymous_3)","decl":{"start":{"line":17,"column":89},"end":{"line":17,"column":92}},"loc":{"start":{"line":17,"column":94},"end":{"line":19,"column":5}}},"4":{"name":"(anonymous_4)","decl":{"start":{"line":24,"column":23},"end":{"line":24,"column":28}},"loc":{"start":{"line":24,"column":58},"end":{"line":42,"column":3}}},"5":{"name":"(anonymous_5)","decl":{"start":{"line":44,"column":24},"end":{"line":44,"column":27}},"loc":{"start":{"line":44,"column":29},"end":{"line":46,"column":3}}},"6":{"name":"(anonymous_6)","decl":{"start":{"line":63,"column":32},"end":{"line":63,"column":33}},"loc":{"start":{"line":63,"column":38},"end":{"line":63,"column":84}}},"7":{"name":"(anonymous_7)","decl":{"start":{"line":66,"column":24},"end":{"line":66,"column":25}},"loc":{"start":{"line":67,"column":12},"end":{"line":67,"column":81}}},"8":{"name":"(anonymous_8)","decl":{"start":{"line":71,"column":39},"end":{"line":71,"column":42}},"loc":{"start":{"line":71,"column":45},"end":{"line":71,"column":72}}},"9":{"name":"(anonymous_9)","decl":{"start":{"line":74,"column":39},"end":{"line":74,"column":42}},"loc":{"start":{"line":74,"column":45},"end":{"line":74,"column":67}}},"10":{"name":"(anonymous_10)","decl":{"start":{"line":81,"column":20},"end":{"line":81,"column":21}},"loc":{"start":{"line":81,"column":25},"end":{"line":81,"column":51}}},"11":{"name":"(anonymous_11)","decl":{"start":{"line":88,"column":19},"end":{"line":88,"column":22}},"loc":{"start":{"line":88,"column":25},"end":{"line":88,"column":47}}},"12":{"name":"(anonymous_12)","decl":{"start":{"line":96,"column":19},"end":{"line":96,"column":22}},"loc":{"start":{"line":96,"column":25},"end":{"line":96,"column":46}}},"13":{"name":"(anonymous_13)","decl":{"start":{"line":104,"column":18},"end":{"line":104,"column":21}},"loc":{"start":{"line":104,"column":24},"end":{"line":104,"column":47}}}},"branchMap":{"0":{"loc":{"start":{"line":22,"column":20},"end":{"line":22,"column":70}},"type":"binary-expr","locations":[{"start":{"line":22,"column":20},"end":{"line":22,"column":45}},{"start":{"line":22,"column":49},"end":{"line":22,"column":70}}]},"1":{"loc":{"start":{"line":25,"column":4},"end":{"line":25,"column":27}},"type":"if","locations":[{"start":{"line":25,"column":4},"end":{"line":25,"column":27}}]},"2":{"loc":{"start":{"line":30,"column":6},"end":{"line":34,"column":7}},"type":"if","locations":[{"start":{"line":30,"column":6},"end":{"line":34,"column":7}},{"start":{"line":32,"column":13},"end":{"line":34,"column":7}}]},"3":{"loc":{"start":{"line":30,"column":10},"end":{"line":30,"column":37}},"type":"binary-expr","locations":[{"start":{"line":30,"column":10},"end":{"line":30,"column":16}},{"start":{"line":30,"column":20},"end":{"line":30,"column":37}}]},"4":{"loc":{"start":{"line":37,"column":21},"end":{"line":37,"column":103}},"type":"binary-expr","locations":[{"start":{"line":37,"column":21},"end":{"line":37,"column":54}},{"start":{"line":37,"column":58},"end":{"line":37,"column":86}},{"start":{"line":37,"column":90},"end":{"line":37,"column":103}}]},"5":{"loc":{"start":{"line":87,"column":19},"end":{"line":87,"column":52}},"type":"binary-expr","locations":[{"start":{"line":87,"column":19},"end":{"line":87,"column":26}},{"start":{"line":87,"column":30},"end":{"line":87,"column":52}}]},"6":{"loc":{"start":{"line":95,"column":19},"end":{"line":95,"column":51}},"type":"binary-expr","locations":[{"start":{"line":95,"column":19},"end":{"line":95,"column":26}},{"start":{"line":95,"column":30},"end":{"line":95,"column":51}}]}},"s":{"0":1,"1":1,"2":1,"3":1,"4":1,"5":45,"6":45,"7":45,"8":45,"9":45,"10":45,"11":45,"12":11,"13":11,"14":0,"15":45,"16":45,"17":4,"18":0,"19":4,"20":4,"21":4,"22":3,"23":3,"24":1,"25":2,"26":3,"27":1,"28":1,"29":4,"30":45,"31":1,"32":45,"33":32,"34":0,"35":1,"36":1,"37":6,"38":3,"39":1,"40":0,"41":1},"f":{"0":45,"1":11,"2":11,"3":0,"4":4,"5":1,"6":32,"7":0,"8":1,"9":1,"10":6,"11":3,"12":1,"13":0},"b":{"0":[45,18],"1":[0],"2":[1,2],"3":[3,3],"4":[1,1,0],"5":[45,4],"6":[45,4]}}
,"C:\\Users\\sabar\\Downloads\\Abhishek\\frontend\\src\\services\\api.ts": {"path":"C:\\Users\\sabar\\Downloads\\Abhishek\\frontend\\src\\services\\api.ts","statementMap":{"0":{"start":{"line":1,"column":0},"end":{"line":1,"column":26}},"1":{"start":{"line":4,"column":16},"end":{"line":4,"column":43}},"2":{"start":{"line":6,"column":12},"end":{"line":11,"column":2}},"3":{"start":{"line":33,"column":13},"end":{"line":38,"column":2}},"4":{"start":{"line":34,"column":16},"end":{"line":34,"column":47}},"5":{"start":{"line":35,"column":38},"end":{"line":35,"column":74}},"6":{"start":{"line":36,"column":50},"end":{"line":36,"column":91}},"7":{"start":{"line":37,"column":26},"end":{"line":37,"column":55}},"8":{"start":{"line":40,"column":13},"end":{"line":42,"column":2}},"9":{"start":{"line":41,"column":30},"end":{"line":41,"column":73}},"10":{"start":{"line":44,"column":13},"end":{"line":47,"column":2}},"11":{"start":{"line":45,"column":65},"end":{"line":45,"column":93}},"12":{"start":{"line":46,"column":64},"end":{"line":46,"column":91}},"13":{"start":{"line":49,"column":0},"end":{"line":49,"column":19}}},"fnMap":{"0":{"name":"(anonymous_0)","decl":{"start":{"line":34,"column":10},"end":{"line":34,"column":13}},"loc":{"start":{"line":34,"column":16},"end":{"line":34,"column":47}}},"1":{"name":"(anonymous_1)","decl":{"start":{"line":35,"column":10},"end":{"line":35,"column":11}},"loc":{"start":{"line":35,"column":38},"end":{"line":35,"column":74}}},"2":{"name":"(anonymous_2)","decl":{"start":{"line":36,"column":10},"end":{"line":36,"column":11}},"loc":{"start":{"line":36,"column":50},"end":{"line":36,"column":91}}},"3":{"name":"(anonymous_3)","decl":{"start":{"line":37,"column":10},"end":{"line":37,"column":11}},"loc":{"start":{"line":37,"column":26},"end":{"line":37,"column":55}}},"4":{"name":"(anonymous_4)","decl":{"start":{"line":41,"column":7},"end":{"line":41,"column":8}},"loc":{"start":{"line":41,"column":30},"end":{"line":41,"column":73}}},"5":{"name":"(anonymous_5)","decl":{"start":{"line":45,"column":10},"end":{"line":45,"column":11}},"loc":{"start":{"line":45,"column":65},"end":{"line":45,"column":93}}},"6":{"name":"(anonymous_6)","decl":{"start":{"line":46,"column":9},"end":{"line":46,"column":10}},"loc":{"start":{"line":46,"column":64},"end":{"line":46,"column":91}}}},"branchMap":{},"s":{"0":3,"1":3,"2":3,"3":3,"4":16,"5":2,"6":0,"7":0,"8":3,"9":3,"10":3,"11":0,"12":0,"13":3},"f":{"0":16,"1":2,"2":0,"3":0,"4":3,"5":0,"6":0},"b":{}}
}
