TN:
SF:src\App.tsx
FN:17,(anonymous_0)
FN:39,(anonymous_1)
FNF:2
FNH:0
FNDA:0,(anonymous_0)
FNDA:0,(anonymous_1)
DA:1,0
DA:2,0
DA:3,0
DA:4,0
DA:10,0
DA:11,0
DA:12,0
DA:13,0
DA:15,0
DA:17,0
DA:18,0
DA:19,0
DA:21,0
DA:39,0
DA:40,0
DA:43,0
DA:74,0
LF:17
LH:0
BRF:0
BRH:0
end_of_record
TN:
SF:src\pages\ProductList.tsx
FN:12,(anonymous_0)
FN:21,(anonymous_1)
FN:33,(anonymous_2)
FN:37,(anonymous_3)
FN:50,(anonymous_4)
FN:65,(anonymous_5)
FN:75,(anonymous_6)
FN:82,(anonymous_7)
FN:93,(anonymous_8)
FN:98,(anonymous_9)
FN:104,(anonymous_10)
FN:106,(anonymous_11)
FN:110,(anonymous_12)
FN:115,(anonymous_13)
FN:121,(anonymous_14)
FN:128,(anonymous_15)
FN:132,(anonymous_16)
FN:183,(anonymous_17)
FN:247,(anonymous_18)
FNF:19
FNH:6
FNDA:34,(anonymous_0)
FNDA:10,(anonymous_1)
FNDA:9,(anonymous_2)
FNDA:2,(anonymous_3)
FNDA:0,(anonymous_4)
FNDA:0,(anonymous_5)
FNDA:0,(anonymous_6)
FNDA:5,(anonymous_7)
FNDA:0,(anonymous_8)
FNDA:0,(anonymous_9)
FNDA:0,(anonymous_10)
FNDA:0,(anonymous_11)
FNDA:0,(anonymous_12)
FNDA:0,(anonymous_13)
FNDA:0,(anonymous_14)
FNDA:0,(anonymous_15)
FNDA:26,(anonymous_16)
FNDA:0,(anonymous_17)
FNDA:0,(anonymous_18)
DA:1,1
DA:2,1
DA:3,1
DA:4,1
DA:6,1
DA:7,1
DA:8,1
DA:10,1
DA:12,1
DA:13,34
DA:14,33
DA:15,33
DA:16,33
DA:17,33
DA:18,33
DA:19,33
DA:21,33
DA:22,10
DA:23,10
DA:24,10
DA:25,9
DA:27,1
DA:29,10
DA:33,33
DA:34,9
DA:37,33
DA:38,2
DA:39,2
DA:40,1
DA:41,1
DA:42,1
DA:43,1
DA:45,1
DA:46,1
DA:50,33
DA:51,0
DA:52,0
DA:53,0
DA:54,0
DA:55,0
DA:56,0
DA:57,0
DA:58,0
DA:60,0
DA:61,0
DA:65,33
DA:66,0
DA:67,0
DA:68,0
DA:69,0
DA:71,0
DA:75,33
DA:76,0
DA:77,0
DA:78,0
DA:79,0
DA:82,33
DA:83,5
DA:84,5
DA:85,5
DA:86,5
DA:89,33
DA:93,0
DA:98,0
DA:104,0
DA:106,0
DA:111,0
DA:115,0
DA:121,0
DA:128,33
DA:129,0
DA:132,33
DA:134,33
DA:183,0
DA:247,0
DA:258,1
LF:76
LH:47
BRDA:45,0,0,1
BRDA:45,0,1,0
BRDA:51,1,0,0
BRDA:60,2,0,0
BRDA:60,2,1,0
BRDA:98,3,0,0
BRDA:98,3,1,0
BRDA:104,4,0,0
BRDA:104,4,1,0
BRDA:181,5,0,0
BRDA:181,5,1,33
BRDA:190,6,0,0
BRDA:190,6,1,33
BRDA:192,7,0,33
BRDA:192,7,1,1
BRDA:245,8,0,0
BRDA:245,8,1,33
BRF:17
BRH:6
end_of_record
TN:
SF:src\pages\ProductView.tsx
FN:10,(anonymous_0)
FN:21,(anonymous_1)
FN:22,(anonymous_2)
FN:33,(anonymous_3)
FN:47,(anonymous_4)
FN:57,(anonymous_5)
FN:69,(anonymous_6)
FN:71,(anonymous_7)
FN:87,(anonymous_8)
FN:100,(anonymous_9)
FN:101,(anonymous_10)
FN:102,(anonymous_11)
FN:122,(anonymous_12)
FNF:13
FNH:10
FNDA:20,(anonymous_0)
FNDA:6,(anonymous_1)
FNDA:6,(anonymous_2)
FNDA:3,(anonymous_3)
FNDA:1,(anonymous_4)
FNDA:2,(anonymous_5)
FNDA:2,(anonymous_6)
FNDA:4,(anonymous_7)
FNDA:0,(anonymous_8)
FNDA:4,(anonymous_9)
FNDA:14,(anonymous_10)
FNDA:0,(anonymous_11)
FNDA:0,(anonymous_12)
DA:1,1
DA:2,1
DA:3,1
DA:5,1
DA:6,1
DA:7,1
DA:8,1
DA:10,1
DA:11,20
DA:12,20
DA:13,20
DA:14,20
DA:15,20
DA:16,20
DA:17,20
DA:18,20
DA:21,20
DA:22,6
DA:23,6
DA:24,6
DA:25,6
DA:27,0
DA:30,6
DA:33,20
DA:34,3
DA:35,0
DA:38,3
DA:39,3
DA:40,3
DA:42,3
DA:43,3
DA:44,1
DA:47,1
DA:48,1
DA:50,1
DA:52,1
DA:57,1
DA:58,2
DA:66,1
DA:69,1
DA:70,2
DA:71,2
DA:72,4
DA:74,2
DA:77,1
DA:80,1
DA:81,1
DA:83,2
DA:87,20
DA:88,0
DA:91,20
DA:100,4
DA:101,14
DA:103,0
DA:122,0
DA:146,1
LF:56
LH:51
BRDA:34,0,0,0
BRDA:48,1,0,1
BRDA:48,1,1,0
BRDA:50,2,0,1
BRDA:72,3,0,4
BRDA:72,3,1,0
BRDA:109,4,0,20
BRDA:109,4,1,9
BRDA:115,5,0,20
BRDA:115,5,1,1
BRDA:127,6,0,20
BRDA:127,6,1,1
BRDA:127,6,2,1
BRF:13
BRH:10
end_of_record
TN:
SF:src\pages\Upload.tsx
FN:8,(anonymous_0)
FN:16,(anonymous_1)
FN:17,(anonymous_2)
FN:17,(anonymous_3)
FN:24,(anonymous_4)
FN:44,(anonymous_5)
FN:63,(anonymous_6)
FN:66,(anonymous_7)
FN:71,(anonymous_8)
FN:74,(anonymous_9)
FN:81,(anonymous_10)
FN:88,(anonymous_11)
FN:96,(anonymous_12)
FN:104,(anonymous_13)
FNF:14
FNH:11
FNDA:45,(anonymous_0)
FNDA:11,(anonymous_1)
FNDA:11,(anonymous_2)
FNDA:0,(anonymous_3)
FNDA:4,(anonymous_4)
FNDA:1,(anonymous_5)
FNDA:32,(anonymous_6)
FNDA:0,(anonymous_7)
FNDA:1,(anonymous_8)
FNDA:1,(anonymous_9)
FNDA:6,(anonymous_10)
FNDA:3,(anonymous_11)
FNDA:1,(anonymous_12)
FNDA:0,(anonymous_13)
DA:1,1
DA:2,1
DA:3,1
DA:6,1
DA:8,1
DA:9,45
DA:10,45
DA:11,45
DA:12,45
DA:13,45
DA:14,45
DA:16,45
DA:17,11
DA:18,0
DA:22,45
DA:24,45
DA:25,4
DA:26,4
DA:27,4
DA:28,4
DA:29,3
DA:30,3
DA:31,1
DA:33,2
DA:35,3
DA:37,1
DA:38,1
DA:40,4
DA:44,45
DA:45,1
DA:48,45
DA:63,32
DA:67,0
DA:71,1
DA:74,1
DA:81,6
DA:88,3
DA:96,1
DA:104,0
DA:133,1
LF:40
LH:37
BRDA:22,0,0,45
BRDA:22,0,1,18
BRDA:25,1,0,0
BRDA:30,2,0,1
BRDA:30,2,1,2
BRDA:30,3,0,3
BRDA:30,3,1,3
BRDA:37,4,0,1
BRDA:37,4,1,1
BRDA:37,4,2,0
BRDA:87,5,0,45
BRDA:87,5,1,4
BRDA:95,6,0,45
BRDA:95,6,1,4
BRF:14
BRH:12
end_of_record
TN:
SF:src\services\api.ts
FN:34,(anonymous_0)
FN:35,(anonymous_1)
FN:36,(anonymous_2)
FN:37,(anonymous_3)
FN:41,(anonymous_4)
FN:45,(anonymous_5)
FN:46,(anonymous_6)
FNF:7
FNH:3
FNDA:16,(anonymous_0)
FNDA:2,(anonymous_1)
FNDA:0,(anonymous_2)
FNDA:0,(anonymous_3)
FNDA:3,(anonymous_4)
FNDA:0,(anonymous_5)
FNDA:0,(anonymous_6)
DA:1,3
DA:4,3
DA:6,3
DA:33,3
DA:34,16
DA:35,2
DA:36,0
DA:37,0
DA:40,3
DA:41,3
DA:44,3
DA:45,0
DA:46,0
DA:49,3
LF:14
LH:10
BRF:0
BRH:0
end_of_record
